#
# A fatal error has been detected by the Java Runtime Environment:
#
#  EXCEPTION_ACCESS_VIOLATION (0xc0000005) at pc=0x0000000061774c6b, pid=129148, tid=0x000000000001c8dc
#
# JRE version: Java(TM) SE Runtime Environment (8.0_152-b16) (build 1.8.0_152-b16)
# Java VM: Java HotSpot(TM) 64-Bit Server VM (25.152-b16 mixed mode windows-amd64 compressed oops)
# Problematic frame:
# V  [jvm.dll+0x114c6b]
#
# Failed to write core dump. Minidumps are not enabled by default on client versions of Windows
#
# If you would like to submit a bug report, please visit:
#   http://bugreport.java.com/bugreport/crash.jsp
#

---------------  T H R E A D  ---------------

Current thread (0x0000000004542000):  GCTaskThread [stack: 0x0000000015890000,0x0000000015990000] [id=116956]

siginfo: ExceptionCode=0xc0000005, reading address 0x0000000000000008

Registers:
RAX=0x0000000015c90000, RBX=0x00000007220d52a8, RCX=0x0000000000000003, RDX=0x0000000000000001
RSP=0x000000001598f3c0, RBP=0x000000072623362c, RSI=0x0000000004615840, RDI=0x0000000004615840
R8 =0x0000000000000000, R9 =0x00000007c0137228, R10=0x000000000000000c, R11=0x0000000061c64048
R12=0x0000000726233634, R13=0x00000007c0137438, R14=0x00000007c0137440, R15=0x0000000726233618
RIP=0x0000000061774c6b, EFLAGS=0x0000000000010246

Top of Stack: (sp=0x000000001598f3c0)
0x000000001598f3c0:   00000007c0137228 00000007262c2a9c
0x000000001598f3d0:   0000000000000004 000000006187d992
0x000000001598f3e0:   0000000000000000 0000000004542930
0x000000001598f3f0:   000000000453eed0 0000000004615840
0x000000001598f400:   00000000000000d9 0000000061a58a50
0x000000001598f410:   000000002845e710 000000001598f529
0x000000001598f420:   0000000004615840 0000000061cb7ce8
0x000000001598f430:   000000002845e0f0 000000001598f529
0x000000001598f440:   0000000000000000 0000000000000004
0x000000001598f450:   0000000004615840 00000000617732e2
0x000000001598f460:   00000005c2703948 0000000000000000
0x000000001598f470:   0000000000000000 000000000453eed0
0x000000001598f480:   0000000004542940 0000000004542930
0x000000001598f490:   0000000061cb7ce8 0000000004615840
0x000000001598f4a0:   0000000000000000 000000001598f529
0x000000001598f4b0:   00000000274e5440 0000000061a55a50 

Instructions: (pc=0x0000000061774c6b)
0x0000000061774c4b:   6f 00 84 d2 74 16 44 8b 43 08 8b 0d 4d fb 68 00
0x0000000061774c5b:   49 d3 e0 4c 03 05 3b fb 68 00 eb 04 4c 8b 43 08
0x0000000061774c6b:   45 8b 48 08 45 85 c9 7e 0c 41 f6 c1 01 75 4b 41
0x0000000061774c7b:   c1 f9 03 eb 57 79 43 84 d2 41 8b c9 b8 10 00 00 


Register to memory mapping:

RAX=0x0000000015c90000 is an unknown value
RBX=0x00000007220d52a8 is an unknown value
RCX=0x0000000000000003 is an unknown value
RDX=0x0000000000000001 is an unknown value
RSP=0x000000001598f3c0 is an unknown value
RBP=0x000000072623362c is an unknown value
RSI=0x0000000004615840 is an unknown value
RDI=0x0000000004615840 is an unknown value
R8 =0x0000000000000000 is an unknown value
R9 =0x00000007c0137228 is pointing into metadata
R10=0x000000000000000c is an unknown value
R11=0x0000000061c64048 is an unknown value
R12=0x0000000726233634 is an unknown value
R13=0x00000007c0137438 is pointing into metadata
R14=0x00000007c0137440 is pointing into metadata
R15=0x0000000726233618 is an oop
org.apache.maven.model.InputLocation 
 - klass: 'org/apache/maven/model/InputLocation'


Stack: [0x0000000015890000,0x0000000015990000],  sp=0x000000001598f3c0,  free space=1020k
Native frames: (J=compiled Java code, j=interpreted, Vv=VM code, C=native code)
V  [jvm.dll+0x114c6b]
V  [jvm.dll+0x3f8a50]
V  [jvm.dll+0x3f5a50]
V  [jvm.dll+0x3f35ee]
V  [jvm.dll+0x29d0ba]
C  [msvcr100.dll+0x21d9f]
C  [msvcr100.dll+0x21e3b]
C  [KERNEL32.DLL+0x11fe4]
C  [ntdll.dll+0x6efc1]


---------------  P R O C E S S  ---------------

Java Threads: ( => current thread )
  0x0000000029625800 JavaThread "Service Thread" daemon [_thread_blocked, id=74224, stack(0x000000002a170000,0x000000002a270000)]
  0x0000000029592000 JavaThread "C1 CompilerThread3" daemon [_thread_blocked, id=79912, stack(0x000000002a070000,0x000000002a170000)]
  0x000000002958f000 JavaThread "C2 CompilerThread2" daemon [_thread_in_native, id=121184, stack(0x0000000029f70000,0x000000002a070000)]
  0x000000002958d000 JavaThread "C2 CompilerThread1" daemon [_thread_in_native, id=75636, stack(0x0000000029e70000,0x0000000029f70000)]
  0x000000002959e000 JavaThread "C2 CompilerThread0" daemon [_thread_blocked, id=116204, stack(0x0000000029d70000,0x0000000029e70000)]
  0x000000002959b000 JavaThread "Attach Listener" daemon [_thread_blocked, id=21572, stack(0x0000000029c70000,0x0000000029d70000)]
  0x000000002959a000 JavaThread "Signal Dispatcher" daemon [_thread_blocked, id=24496, stack(0x0000000029b70000,0x0000000029c70000)]
  0x0000000029580800 JavaThread "Finalizer" daemon [_thread_blocked, id=59836, stack(0x0000000029960000,0x0000000029a60000)]
  0x000000000461a000 JavaThread "Reference Handler" daemon [_thread_blocked, id=5184, stack(0x0000000029460000,0x0000000029560000)]
  0x0000000004524000 JavaThread "main" [_thread_blocked, id=59988, stack(0x0000000004370000,0x0000000004470000)]

Other Threads:
  0x0000000027659800 VMThread [stack: 0x0000000029360000,0x0000000029460000] [id=64120]
  0x00000000295e0000 WatcherThread [stack: 0x000000002a270000,0x000000002a370000] [id=57976]

=>0x0000000004542000 (exited) GCTaskThread [stack: 0x0000000015890000,0x0000000015990000] [id=116956]

VM state:at safepoint (normal execution)

VM Mutex/Monitor currently owned by a thread:  ([mutex/lock_event])
[0x0000000004520bd0] Threads_lock - owner thread: 0x0000000027659800
[0x0000000004520e50] Heap_lock - owner thread: 0x0000000004524000

Heap:
 PSYoungGen      total 284672K, used 21488K [0x0000000715d80000, 0x0000000738980000, 0x00000007c0000000)
  eden space 263168K, 0% used [0x0000000715d80000,0x0000000715d80000,0x0000000725e80000)
  from space 21504K, 99% used [0x0000000725e80000,0x000000072737c3f0,0x0000000727380000)
  to   space 21504K, 0% used [0x0000000737480000,0x0000000737480000,0x0000000738980000)
 ParOldGen       total 349696K, used 34656K [0x00000005c1800000, 0x00000005d6d80000, 0x0000000715d80000)
  object space 349696K, 9% used [0x00000005c1800000,0x00000005c39d8298,0x00000005d6d80000)
 Metaspace       used 20400K, capacity 21122K, committed 21296K, reserved 1069056K
  class space    used 2400K, capacity 2621K, committed 2688K, reserved 1048576K

Card table byte_map: [0x00000000139e0000,0x00000000149e0000] byte_map_base: 0x0000000010bd4000

Marking Bits: (ParMarkBitMap*) 0x0000000061e80860
 Begin Bits: [0x0000000015c90000, 0x000000001dc30000)
 End Bits:   [0x000000001dc30000, 0x0000000025bd0000)

Polling page: 0x00000000026e0000

CodeCache: size=245760Kb used=14186Kb max_used=15700Kb free=231573Kb
 bounds [0x0000000004620000, 0x00000000055a0000, 0x0000000013620000]
 total_blobs=4134 nmethods=3782 adapters=265
 compilation: enabled

Compilation events (10 events):
Event: 4.281 Thread 0x000000002959e000 nmethod 4174 0x0000000004a0b710 code [0x0000000004a0b860, 0x0000000004a0b998]
Event: 4.281 Thread 0x000000002959e000 4119       4       java.lang.AbstractStringBuilder::append (29 bytes)
Event: 4.285 Thread 0x000000002959e000 nmethod 4119 0x0000000004a9ecd0 code [0x0000000004a9ee20, 0x0000000004a9f198]
Event: 4.285 Thread 0x000000002959e000 4175  s    4       java.lang.StringBuffer::append (13 bytes)
Event: 4.290 Thread 0x000000002959e000 nmethod 4175 0x0000000004c92f90 code [0x0000000004c930e0, 0x0000000004c93818]
Event: 4.290 Thread 0x000000002959e000 4186       4       java.lang.Character::toTitleCase (6 bytes)
Event: 4.291 Thread 0x000000002959e000 nmethod 4186 0x0000000004937ad0 code [0x0000000004937c00, 0x0000000004937cd8]
Event: 4.291 Thread 0x000000002959e000 4094       4       java.lang.AbstractStringBuilder::append (62 bytes)
Event: 4.293 Thread 0x0000000029592000 4213       3       org.codehaus.plexus.util.SelectorUtils::isDoubleStar (32 bytes)
Event: 4.294 Thread 0x0000000029592000 nmethod 4213 0x0000000004791a90 code [0x0000000004791c00, 0x0000000004791e90]

GC Heap History (7 events):
Event: 1.722 GC heap before
{Heap before GC invocations=1 (full 0):
 PSYoungGen      total 153088K, used 131584K [0x0000000715d80000, 0x0000000720800000, 0x00000007c0000000)
  eden space 131584K, 100% used [0x0000000715d80000,0x000000071de00000,0x000000071de00000)
  from space 21504K, 0% used [0x000000071f300000,0x000000071f300000,0x0000000720800000)
  to   space 21504K, 0% used [0x000000071de00000,0x000000071de00000,0x000000071f300000)
 ParOldGen       total 349696K, used 0K [0x00000005c1800000, 0x00000005d6d80000, 0x0000000715d80000)
  object space 349696K, 0% used [0x00000005c1800000,0x00000005c1800000,0x00000005d6d80000)
 Metaspace       used 14690K, capacity 14970K, committed 15232K, reserved 1062912K
  class space    used 1792K, capacity 1881K, committed 1920K, reserved 1048576K
Event: 1.742 GC heap after
Heap after GC invocations=1 (full 0):
 PSYoungGen      total 153088K, used 21482K [0x0000000715d80000, 0x0000000728880000, 0x00000007c0000000)
  eden space 131584K, 0% used [0x0000000715d80000,0x0000000715d80000,0x000000071de00000)
  from space 21504K, 99% used [0x000000071de00000,0x000000071f2faaa8,0x000000071f300000)
  to   space 21504K, 0% used [0x0000000727380000,0x0000000727380000,0x0000000728880000)
 ParOldGen       total 349696K, used 61K [0x00000005c1800000, 0x00000005d6d80000, 0x0000000715d80000)
  object space 349696K, 0% used [0x00000005c1800000,0x00000005c180f450,0x00000005d6d80000)
 Metaspace       used 14690K, capacity 14970K, committed 15232K, reserved 1062912K
  class space    used 1792K, capacity 1881K, committed 1920K, reserved 1048576K
}
Event: 2.189 GC heap before
{Heap before GC invocations=2 (full 0):
 PSYoungGen      total 153088K, used 153066K [0x0000000715d80000, 0x0000000728880000, 0x00000007c0000000)
  eden space 131584K, 100% used [0x0000000715d80000,0x000000071de00000,0x000000071de00000)
  from space 21504K, 99% used [0x000000071de00000,0x000000071f2faaa8,0x000000071f300000)
  to   space 21504K, 0% used [0x0000000727380000,0x0000000727380000,0x0000000728880000)
 ParOldGen       total 349696K, used 61K [0x00000005c1800000, 0x00000005d6d80000, 0x0000000715d80000)
  object space 349696K, 0% used [0x00000005c1800000,0x00000005c180f450,0x00000005d6d80000)
 Metaspace       used 14989K, capacity 15262K, committed 15488K, reserved 1062912K
  class space    used 1796K, capacity 1887K, committed 1920K, reserved 1048576K
Event: 2.228 GC heap after
Heap after GC invocations=2 (full 0):
 PSYoungGen      total 284672K, used 21488K [0x0000000715d80000, 0x0000000728880000, 0x00000007c0000000)
  eden space 263168K, 0% used [0x0000000715d80000,0x0000000715d80000,0x0000000725e80000)
  from space 21504K, 99% used [0x0000000727380000,0x000000072887c030,0x0000000728880000)
  to   space 21504K, 0% used [0x0000000725e80000,0x0000000725e80000,0x0000000727380000)
 ParOldGen       total 349696K, used 13317K [0x00000005c1800000, 0x00000005d6d80000, 0x0000000715d80000)
  object space 349696K, 3% used [0x00000005c1800000,0x00000005c2501490,0x00000005d6d80000)
 Metaspace       used 14989K, capacity 15262K, committed 15488K, reserved 1062912K
  class space    used 1796K, capacity 1887K, committed 1920K, reserved 1048576K
}
Event: 4.302 GC heap before
{Heap before GC invocations=3 (full 0):
 PSYoungGen      total 284672K, used 261165K [0x0000000715d80000, 0x0000000728880000, 0x00000007c0000000)
  eden space 263168K, 91% used [0x0000000715d80000,0x000000072478f528,0x0000000725e80000)
  from space 21504K, 99% used [0x0000000727380000,0x000000072887c030,0x0000000728880000)
  to   space 21504K, 0% used [0x0000000725e80000,0x0000000725e80000,0x0000000727380000)
 ParOldGen       total 349696K, used 13317K [0x00000005c1800000, 0x00000005d6d80000, 0x0000000715d80000)
  object space 349696K, 3% used [0x00000005c1800000,0x00000005c2501490,0x00000005d6d80000)
 Metaspace       used 20400K, capacity 21122K, committed 21296K, reserved 1069056K
  class space    used 2400K, capacity 2621K, committed 2688K, reserved 1048576K
Event: 4.351 GC heap after
Heap after GC invocations=3 (full 0):
 PSYoungGen      total 284672K, used 21488K [0x0000000715d80000, 0x0000000738980000, 0x00000007c0000000)
  eden space 263168K, 0% used [0x0000000715d80000,0x0000000715d80000,0x0000000725e80000)
  from space 21504K, 99% used [0x0000000725e80000,0x000000072737c3f0,0x0000000727380000)
  to   space 21504K, 0% used [0x0000000737480000,0x0000000737480000,0x0000000738980000)
 ParOldGen       total 349696K, used 34656K [0x00000005c1800000, 0x00000005d6d80000, 0x0000000715d80000)
  object space 349696K, 9% used [0x00000005c1800000,0x00000005c39d8298,0x00000005d6d80000)
 Metaspace       used 20400K, capacity 21122K, committed 21296K, reserved 1069056K
  class space    used 2400K, capacity 2621K, committed 2688K, reserved 1048576K
}
Event: 4.351 GC heap before
{Heap before GC invocations=4 (full 1):
 PSYoungGen      total 284672K, used 21488K [0x0000000715d80000, 0x0000000738980000, 0x00000007c0000000)
  eden space 263168K, 0% used [0x0000000715d80000,0x0000000715d80000,0x0000000725e80000)
  from space 21504K, 99% used [0x0000000725e80000,0x000000072737c3f0,0x0000000727380000)
  to   space 21504K, 0% used [0x0000000737480000,0x0000000737480000,0x0000000738980000)
 ParOldGen       total 349696K, used 34656K [0x00000005c1800000, 0x00000005d6d80000, 0x0000000715d80000)
  object space 349696K, 9% used [0x00000005c1800000,0x00000005c39d8298,0x00000005d6d80000)
 Metaspace       used 20400K, capacity 21122K, committed 21296K, reserved 1069056K
  class space    used 2400K, capacity 2621K, committed 2688K, reserved 1048576K

Deoptimization events (10 events):
Event: 3.826 Thread 0x0000000004524000 Uncommon trap: reason=predicate action=maybe_recompile pc=0x00000000053228b0 method=org.apache.maven.model.merge.ModelMerger.mergePlugin_Dependencies(Lorg/apache/maven/model/Plugin;Lorg/apache/maven/model/Plugin;ZLjava/util/Map;)V @ 67
Event: 3.834 Thread 0x0000000004524000 Uncommon trap: reason=class_check action=maybe_recompile pc=0x0000000004e4a364 method=org.codehaus.plexus.interpolation.MapBasedValueSource.getValue(Ljava/lang/String;)Ljava/lang/Object; @ 16
Event: 3.858 Thread 0x0000000004524000 Uncommon trap: reason=unstable_if action=reinterpret pc=0x00000000051d4da8 method=org.apache.maven.model.merge.ModelMerger.mergeConfigurationContainer_Configuration(Lorg/apache/maven/model/ConfigurationContainer;Lorg/apache/maven/model/ConfigurationContai
Event: 3.859 Thread 0x0000000004524000 Uncommon trap: reason=unstable_if action=reinterpret pc=0x000000000521b740 method=org.apache.maven.model.merge.ModelMerger.mergePlugin_GroupId(Lorg/apache/maven/model/Plugin;Lorg/apache/maven/model/Plugin;ZLjava/util/Map;)V @ 12
Event: 3.859 Thread 0x0000000004524000 Uncommon trap: reason=unstable_if action=reinterpret pc=0x0000000005289274 method=org.apache.maven.model.merge.ModelMerger.mergePlugin_ArtifactId(Lorg/apache/maven/model/Plugin;Lorg/apache/maven/model/Plugin;ZLjava/util/Map;)V @ 12
Event: 3.898 Thread 0x0000000004524000 Uncommon trap: reason=null_check action=make_not_entrant pc=0x000000000543bff4 method=java.lang.Integer.equals(Ljava/lang/Object;)Z @ 1
Event: 3.898 Thread 0x0000000004524000 Uncommon trap: reason=unstable_if action=reinterpret pc=0x000000000540af44 method=org.eclipse.aether.util.graph.transformer.ConflictResolver$State.push(Lorg/eclipse/aether/graph/DependencyNode;Ljava/lang/Object;)Z @ 1
Event: 3.899 Thread 0x0000000004524000 Uncommon trap: reason=unstable_if action=reinterpret pc=0x0000000005156c98 method=java.util.HashMap.getNode(ILjava/lang/Object;)Ljava/util/HashMap$Node; @ 53
Event: 3.899 Thread 0x0000000004524000 Uncommon trap: reason=unstable_if action=reinterpret pc=0x00000000049d4e58 method=java.util.HashMap.getNode(ILjava/lang/Object;)Ljava/util/HashMap$Node; @ 53
Event: 3.995 Thread 0x0000000004524000 Uncommon trap: reason=unstable_if action=reinterpret pc=0x000000000548b44c method=com.google.inject.spi.InjectionPoint.isEligibleForInjection(Ljava/lang/reflect/Method;Z)Z @ 22

Classes redefined (0 events):
No events

Internal exceptions (10 events):
Event: 2.802 Thread 0x0000000004524000 Implicit null exception at 0x0000000005118479 to 0x0000000005118b6d
Event: 3.425 Thread 0x0000000004524000 Implicit null exception at 0x000000000519388a to 0x00000000051946ea
Event: 3.697 Thread 0x0000000004524000 Exception <a 'java/lang/NullPointerException'> (0x0000000720b83660) thrown at [C:\re\workspace\8-2-build-windows-amd64-cygwin\jdk8u152\9742\hotspot\src\share\vm\interpreter\linkResolver.cpp, line 1185]
Event: 3.697 Thread 0x0000000004524000 Exception <a 'java/lang/NullPointerException'> (0x0000000720b83a60) thrown at [C:\re\workspace\8-2-build-windows-amd64-cygwin\jdk8u152\9742\hotspot\src\share\vm\interpreter\linkResolver.cpp, line 1185]
Event: 3.697 Thread 0x0000000004524000 Exception <a 'java/lang/NullPointerException'> (0x0000000720b83e60) thrown at [C:\re\workspace\8-2-build-windows-amd64-cygwin\jdk8u152\9742\hotspot\src\share\vm\interpreter\linkResolver.cpp, line 1185]
Event: 3.697 Thread 0x0000000004524000 Exception <a 'java/lang/NullPointerException'> (0x0000000720b85ee0) thrown at [C:\re\workspace\8-2-build-windows-amd64-cygwin\jdk8u152\9742\hotspot\src\share\vm\interpreter\linkResolver.cpp, line 1185]
Event: 3.697 Thread 0x0000000004524000 Exception <a 'java/lang/NullPointerException'> (0x0000000720b862e0) thrown at [C:\re\workspace\8-2-build-windows-amd64-cygwin\jdk8u152\9742\hotspot\src\share\vm\interpreter\linkResolver.cpp, line 1185]
Event: 3.697 Thread 0x0000000004524000 Exception <a 'java/lang/NullPointerException'> (0x0000000720b866e0) thrown at [C:\re\workspace\8-2-build-windows-amd64-cygwin\jdk8u152\9742\hotspot\src\share\vm\interpreter\linkResolver.cpp, line 1185]
Event: 3.898 Thread 0x0000000004524000 Implicit null exception at 0x000000000543904e to 0x000000000543bfd1
Event: 3.898 Thread 0x0000000004524000 Implicit null exception at 0x0000000005408b37 to 0x000000000540af2d

Events (10 events):
Event: 4.295 loading class org/jacoco/core/internal/Java9Support done
Event: 4.295 loading class org/objectweb/asm/ClassReader
Event: 4.295 loading class org/objectweb/asm/ClassReader done
Event: 4.295 loading class org/objectweb/asm/ClassReader
Event: 4.295 loading class org/objectweb/asm/ClassReader done
Event: 4.302 loading class org/jacoco/core/internal/data/CRC64
Event: 4.302 loading class org/jacoco/core/internal/data/CRC64 done
Event: 4.302 loading class org/jacoco/core/internal/data/CRC64
Event: 4.302 loading class org/jacoco/core/internal/data/CRC64 done
Event: 4.302 Executing VM operation: CollectForMetadataAllocation


Dynamic libraries:
0x00007ff7935a0000 - 0x00007ff7935d7000 	C:\Program Files\Java\jdk1.8.0_152\bin\javaw.exe
0x00007ff93c2a0000 - 0x00007ff93c480000 	C:\WINDOWS\SYSTEM32\ntdll.dll
0x00007ff93b380000 - 0x00007ff93b42e000 	C:\WINDOWS\System32\KERNEL32.DLL
0x00007ff938ed0000 - 0x00007ff939136000 	C:\WINDOWS\System32\KERNELBASE.dll
0x00007ff939750000 - 0x00007ff9397f1000 	C:\WINDOWS\System32\ADVAPI32.dll
0x00007ff939800000 - 0x00007ff93989d000 	C:\WINDOWS\System32\msvcrt.dll
0x00007ff93b4f0000 - 0x00007ff93b54b000 	C:\WINDOWS\System32\sechost.dll
0x00007ff93be90000 - 0x00007ff93bfaf000 	C:\WINDOWS\System32\RPCRT4.dll
0x00007ff93b660000 - 0x00007ff93b7ef000 	C:\WINDOWS\System32\USER32.dll
0x00007ff9393b0000 - 0x00007ff9393d0000 	C:\WINDOWS\System32\win32u.dll
0x00007ff93ba00000 - 0x00007ff93ba28000 	C:\WINDOWS\System32\GDI32.dll
0x00007ff939430000 - 0x00007ff9395c3000 	C:\WINDOWS\System32\gdi32full.dll
0x00007ff939140000 - 0x00007ff9391db000 	C:\WINDOWS\System32\msvcp_win.dll
0x00007ff938dd0000 - 0x00007ff938ec6000 	C:\WINDOWS\System32\ucrtbase.dll
0x00007ff919590000 - 0x00007ff9197f9000 	C:\WINDOWS\WinSxS\amd64_microsoft.windows.common-controls_6595b64144ccf1df_6.0.16299.248_none_15ced204935f55d7\COMCTL32.dll
0x00007ff93ba30000 - 0x00007ff93bd38000 	C:\WINDOWS\System32\combase.dll
0x00007ff939620000 - 0x00007ff939692000 	C:\WINDOWS\System32\bcryptPrimitives.dll
0x00007ff93b4c0000 - 0x00007ff93b4ed000 	C:\WINDOWS\System32\IMM32.DLL
0x0000000062e10000 - 0x0000000062ee2000 	C:\Program Files\Java\jdk1.8.0_152\jre\bin\msvcr100.dll
0x0000000061660000 - 0x0000000061f00000 	C:\Program Files\Java\jdk1.8.0_152\jre\bin\server\jvm.dll
0x00007ff93b4b0000 - 0x00007ff93b4b8000 	C:\WINDOWS\System32\PSAPI.DLL
0x00007ff936b50000 - 0x00007ff936b5a000 	C:\WINDOWS\SYSTEM32\VERSION.dll
0x00007ff9357e0000 - 0x00007ff935803000 	C:\WINDOWS\SYSTEM32\WINMM.dll
0x00007ff92d140000 - 0x00007ff92d149000 	C:\WINDOWS\SYSTEM32\WSOCK32.dll
0x00007ff93b260000 - 0x00007ff93b2cc000 	C:\WINDOWS\System32\WS2_32.dll
0x00007ff935110000 - 0x00007ff93513a000 	C:\WINDOWS\SYSTEM32\winmmbase.dll
0x00007ff9395d0000 - 0x00007ff93961a000 	C:\WINDOWS\System32\cfgmgr32.dll
0x0000000062e00000 - 0x0000000062e0f000 	C:\Program Files\Java\jdk1.8.0_152\jre\bin\verify.dll
0x0000000062dd0000 - 0x0000000062df9000 	C:\Program Files\Java\jdk1.8.0_152\jre\bin\java.dll
0x0000000062870000 - 0x0000000062886000 	C:\Program Files\Java\jdk1.8.0_152\jre\bin\zip.dll
0x00007ff939cf0000 - 0x00007ff93b126000 	C:\WINDOWS\System32\SHELL32.dll
0x00007ff93b2d0000 - 0x00007ff93b376000 	C:\WINDOWS\System32\shcore.dll
0x00007ff938680000 - 0x00007ff938dc7000 	C:\WINDOWS\System32\windows.storage.dll
0x00007ff93b450000 - 0x00007ff93b4a1000 	C:\WINDOWS\System32\shlwapi.dll
0x00007ff938660000 - 0x00007ff938671000 	C:\WINDOWS\System32\kernel.appcore.dll
0x00007ff9385d0000 - 0x00007ff93861c000 	C:\WINDOWS\System32\powrprof.dll
0x00007ff938620000 - 0x00007ff93863b000 	C:\WINDOWS\System32\profapi.dll
0x0000000061640000 - 0x000000006165a000 	C:\Program Files\Java\jdk1.8.0_152\jre\bin\net.dll
0x00007ff937b10000 - 0x00007ff937b76000 	C:\WINDOWS\system32\mswsock.dll
0x0000000061620000 - 0x0000000061631000 	C:\Program Files\Java\jdk1.8.0_152\jre\bin\nio.dll
0x00007ff9380c0000 - 0x00007ff938288000 	C:\WINDOWS\SYSTEM32\dbghelp.dll

VM Arguments:
jvm_args: -Dmaven.home=EMBEDDED -Dclassworlds.conf=C:\Users\Laco\Documents\workspace-sts-3.9.2.RELEASE\.metadata\.plugins\org.eclipse.m2e.launching\launches\m2conf1191142696442430108.tmp -Dmaven.multiModuleProjectDirectory=E:\Projekty\VSCode\strg-spring -Dfile.encoding=UTF-8 
java_command: org.codehaus.plexus.classworlds.launcher.Launcher -B -Dmaven.test.skip=true -DskipTests install
java_class_path (initial): E:\DevelStorageLinkedToOtherPlaces\sts-3.9.2.RELEASE\plugins\org.eclipse.m2e.maven.runtime_1.8.2.20171007-0216\jars\plexus-classworlds-2.5.2.jar
Launcher Type: SUN_STANDARD

Environment Variables:
JAVA_HOME=C:\Program Files\Java\jdk1.8.0_152
USERNAME=Laco
OS=Windows_NT
PROCESSOR_IDENTIFIER=AMD64 Family 21 Model 2 Stepping 0, AuthenticAMD



---------------  S Y S T E M  ---------------

OS: Windows 10.0 , 64 bit Build 16299 (10.0.16299.15)

CPU:total 8 (initial active 8) (8 cores per cpu, 1 threads per core) family 21 model 2 stepping 0, cmov, cx8, fxsr, mmx, sse, sse2, sse3, ssse3, sse4.1, sse4.2, popcnt, avx, aes, clmul, mmxext, 3dnowpref, lzcnt, sse4a, tsc, tscinvbit, tscinv, bmi1

Memory: 4k page, physical 33450908k(19019592k free), swap 43690908k(25021224k free)

vm_info: Java HotSpot(TM) 64-Bit Server VM (25.152-b16) for windows-amd64 JRE (1.8.0_152-b16), built on Sep 14 2017 02:29:36 by "java_re" with MS VC++ 10.0 (VS2010)

time: Fri Mar 02 11:31:59 2018
elapsed time: 4 seconds (0d 0h 0m 4s)

